-------------------------------------------------------------------------------
Test set: TestSuite
-------------------------------------------------------------------------------
Tests run: 18, Failures: 12, Errors: 0, Skipped: 6, Time elapsed: 0.5 sec <<< FAILURE! - in TestSuite
setup(scripts.CarvanaTest)  Time elapsed: 0.274 sec  <<< FAILURE!
java.lang.NullPointerException: Cannot invoke "String.hashCode()" because "<local0>" is null

teardown(scripts.CarvanaTest)  Time elapsed: 0.004 sec  <<< FAILURE!
java.lang.NullPointerException: Cannot invoke "org.testng.asserts.SoftAssert.assertAll()" because "this.softAssert" is null

setup(scripts.CarvanaTest)  Time elapsed: 0.007 sec  <<< FAILURE!
java.lang.NullPointerException: Cannot invoke "String.hashCode()" because "<local0>" is null

teardown(scripts.CarvanaTest)  Time elapsed: 0.001 sec  <<< FAILURE!
java.lang.NullPointerException: Cannot invoke "org.testng.asserts.SoftAssert.assertAll()" because "this.softAssert" is null

setup(scripts.CarvanaTest)  Time elapsed: 0.002 sec  <<< FAILURE!
java.lang.NullPointerException: Cannot invoke "String.hashCode()" because "<local0>" is null

teardown(scripts.CarvanaTest)  Time elapsed: 0 sec  <<< FAILURE!
java.lang.NullPointerException: Cannot invoke "org.testng.asserts.SoftAssert.assertAll()" because "this.softAssert" is null

setup(scripts.CarvanaTest)  Time elapsed: 0.002 sec  <<< FAILURE!
java.lang.NullPointerException: Cannot invoke "String.hashCode()" because "<local0>" is null

teardown(scripts.CarvanaTest)  Time elapsed: 0.001 sec  <<< FAILURE!
java.lang.NullPointerException: Cannot invoke "org.testng.asserts.SoftAssert.assertAll()" because "this.softAssert" is null

setup(scripts.CarvanaTest)  Time elapsed: 0.002 sec  <<< FAILURE!
java.lang.NullPointerException: Cannot invoke "String.hashCode()" because "<local0>" is null

teardown(scripts.CarvanaTest)  Time elapsed: 0 sec  <<< FAILURE!
java.lang.NullPointerException: Cannot invoke "org.testng.asserts.SoftAssert.assertAll()" because "this.softAssert" is null

setup(scripts.CarvanaTest)  Time elapsed: 0.002 sec  <<< FAILURE!
java.lang.NullPointerException: Cannot invoke "String.hashCode()" because "<local0>" is null

teardown(scripts.CarvanaTest)  Time elapsed: 0 sec  <<< FAILURE!
java.lang.NullPointerException: Cannot invoke "org.testng.asserts.SoftAssert.assertAll()" because "this.softAssert" is null

