<?xml version="1.0" encoding="UTF-8"?>
<testsuite xmlns:xsi="http://www.w3.org/2001/XMLSchema-instance" xsi:schemaLocation="https://maven.apache.org/surefire/maven-surefire-plugin/xsd/surefire-test-report.xsd" name="TestSuite" time="0.5" tests="18" errors="0" skipped="6" failures="12">
  <properties>
    <property name="java.runtime.name" value="OpenJDK Runtime Environment"/>
    <property name="java.vm.version" value="17.0.1+12"/>
    <property name="sun.boot.library.path" value="C:\Program Files\Eclipse Adoptium\jdk-17.0.1.12-hotspot\bin"/>
    <property name="maven.multiModuleProjectDirectory" value="C:\Users\katel\IdeaProjects\testng_third_project"/>
    <property name="java.vm.vendor" value="Eclipse Adoptium"/>
    <property name="java.vendor.url" value="https://adoptium.net/"/>
    <property name="guice.disable.misplaced.annotation.check" value="true"/>
    <property name="path.separator" value=";"/>
    <property name="java.vm.name" value="OpenJDK 64-Bit Server VM"/>
    <property name="sun.os.patch.level" value=""/>
    <property name="user.script" value=""/>
    <property name="user.country" value="US"/>
    <property name="sun.java.launcher" value="SUN_STANDARD"/>
    <property name="java.vm.specification.name" value="Java Virtual Machine Specification"/>
    <property name="user.dir" value="C:\Users\katel\IdeaProjects\testng_third_project"/>
    <property name="java.vm.compressedOopsMode" value="Zero based"/>
    <property name="java.runtime.version" value="17.0.1+12"/>
    <property name="os.arch" value="amd64"/>
    <property name="java.io.tmpdir" value="C:\Users\katel\AppData\Local\Temp\"/>
    <property name="line.separator" value="&#10;"/>
    <property name="java.vm.specification.vendor" value="Oracle Corporation"/>
    <property name="user.variant" value=""/>
    <property name="os.name" value="Windows 10"/>
    <property name="classworlds.conf" value="C:\Program Files\apache-maven-3.8.5-bin\apache-maven-3.8.5\bin\m2.conf"/>
    <property name="sun.jnu.encoding" value="Cp1252"/>
    <property name="java.library.path" value="C:\Program Files\Eclipse Adoptium\jdk-17.0.1.12-hotspot\bin;C:\Windows\Sun\Java\bin;C:\Windows\system32;C:\Windows;C:\Program Files\Common Files\Oracle\Java\javapath;C:\Program Files\Eclipse Adoptium\jdk-17.0.1.12-hotspot\bin;C:\Windows\system32;C:\Windows;C:\Windows\System32\Wbem;C:\Windows\System32\WindowsPowerShell\v1.0\;C:\Windows\System32\OpenSSH\;C:\Program Files\Java\jdk-17.0.1\bin;C:\Program Files\Git\cmd;C:\Program Files\apache-maven-3.8.5-bin\apache-maven-3.8.5\bin;C:\Users\katel\AppData\Local\Microsoft\WindowsApps;;C:\Users\katel\IntelliJ IDEA Community Edition 2021.2.3\bin;;."/>
    <property name="maven.conf" value="C:\Program Files\apache-maven-3.8.5-bin\apache-maven-3.8.5/conf"/>
    <property name="jdk.debug" value="release"/>
    <property name="java.class.version" value="61.0"/>
    <property name="java.specification.name" value="Java Platform API Specification"/>
    <property name="sun.management.compiler" value="HotSpot 64-Bit Tiered Compilers"/>
    <property name="os.version" value="10.0"/>
    <property name="library.jansi.path" value="C:\Program Files\apache-maven-3.8.5-bin\apache-maven-3.8.5\lib\jansi-native"/>
    <property name="user.home" value="C:\Users\katel"/>
    <property name="user.timezone" value="America/Chicago"/>
    <property name="file.encoding" value="Cp1252"/>
    <property name="java.specification.version" value="17"/>
    <property name="user.name" value="katel"/>
    <property name="java.class.path" value="C:\Program Files\apache-maven-3.8.5-bin\apache-maven-3.8.5\boot\plexus-classworlds-2.6.0.jar"/>
    <property name="java.vm.specification.version" value="17"/>
    <property name="sun.arch.data.model" value="64"/>
    <property name="sun.java.command" value="org.codehaus.plexus.classworlds.launcher.Launcher test -PRegression"/>
    <property name="java.home" value="C:\Program Files\Eclipse Adoptium\jdk-17.0.1.12-hotspot"/>
    <property name="user.language" value="en"/>
    <property name="java.specification.vendor" value="Oracle Corporation"/>
    <property name="java.vm.info" value="mixed mode, sharing"/>
    <property name="java.version" value="17.0.1"/>
    <property name="native.encoding" value="Cp1252"/>
    <property name="java.vendor" value="Eclipse Adoptium"/>
    <property name="sun.stderr.encoding" value="cp437"/>
    <property name="maven.home" value="C:\Program Files\apache-maven-3.8.5-bin\apache-maven-3.8.5"/>
    <property name="file.separator" value="\"/>
    <property name="java.version.date" value="2021-10-19"/>
    <property name="java.vendor.url.bug" value="https://github.com/adoptium/adoptium-support/issues"/>
    <property name="sun.io.unicode.encoding" value="UnicodeLittle"/>
    <property name="sun.cpu.endian" value="little"/>
    <property name="java.vendor.version" value="Temurin-17.0.1+12"/>
    <property name="sun.stdout.encoding" value="cp437"/>
    <property name="sun.cpu.isalist" value="amd64"/>
  </properties>
  <testcase name="setup" classname="scripts.CarvanaTest" time="0.274">
    <failure message="Cannot invoke &quot;String.hashCode()&quot; because &quot;&lt;local0&gt;&quot; is null" type="java.lang.NullPointerException"><![CDATA[java.lang.NullPointerException: Cannot invoke "String.hashCode()" because "<local0>" is null
]]></failure>
    <system-err><![CDATA[java.io.FileNotFoundException: configuration.properties (The system cannot find the file specified)
	at java.base/java.io.FileInputStream.open0(Native Method)
	at java.base/java.io.FileInputStream.open(FileInputStream.java:216)
	at java.base/java.io.FileInputStream.<init>(FileInputStream.java:157)
	at java.base/java.io.FileInputStream.<init>(FileInputStream.java:111)
	at utilities.ConfigReader.<clinit>(ConfigReader.java:11)
	at utilities.Driver.getDriver(Driver.java:31)
	at scripts.Base.setup(Base.java:26)
	at java.base/jdk.internal.reflect.NativeMethodAccessorImpl.invoke0(Native Method)
	at java.base/jdk.internal.reflect.NativeMethodAccessorImpl.invoke(NativeMethodAccessorImpl.java:77)
	at java.base/jdk.internal.reflect.DelegatingMethodAccessorImpl.invoke(DelegatingMethodAccessorImpl.java:43)
	at java.base/java.lang.reflect.Method.invoke(Method.java:568)
	at org.testng.internal.MethodInvocationHelper.invokeMethod(MethodInvocationHelper.java:134)
	at org.testng.internal.MethodInvocationHelper.invokeMethodConsideringTimeout(MethodInvocationHelper.java:63)
	at org.testng.internal.ConfigInvoker.invokeConfigurationMethod(ConfigInvoker.java:348)
	at org.testng.internal.ConfigInvoker.invokeConfigurations(ConfigInvoker.java:302)
	at org.testng.internal.TestInvoker.runConfigMethods(TestInvoker.java:695)
	at org.testng.internal.TestInvoker.invokeMethod(TestInvoker.java:523)
	at org.testng.internal.TestInvoker.invokeTestMethod(TestInvoker.java:173)
	at org.testng.internal.MethodRunner.runInSequence(MethodRunner.java:46)
	at org.testng.internal.TestInvoker$MethodInvocationAgent.invoke(TestInvoker.java:816)
	at org.testng.internal.TestInvoker.invokeTestMethods(TestInvoker.java:146)
	at org.testng.internal.TestMethodWorker.invokeTestMethods(TestMethodWorker.java:146)
	at org.testng.internal.TestMethodWorker.run(TestMethodWorker.java:128)
	at java.base/java.util.ArrayList.forEach(ArrayList.java:1511)
	at org.testng.TestRunner.privateRun(TestRunner.java:766)
	at org.testng.TestRunner.run(TestRunner.java:587)
	at org.testng.SuiteRunner.runTest(SuiteRunner.java:384)
	at org.testng.SuiteRunner.runSequentially(SuiteRunner.java:378)
	at org.testng.SuiteRunner.privateRun(SuiteRunner.java:337)
	at org.testng.SuiteRunner.run(SuiteRunner.java:286)
	at org.testng.SuiteRunnerWorker.runSuite(SuiteRunnerWorker.java:53)
	at org.testng.SuiteRunnerWorker.run(SuiteRunnerWorker.java:96)
	at org.testng.TestNG.runSuitesSequentially(TestNG.java:1187)
	at org.testng.TestNG.runSuitesLocally(TestNG.java:1109)
	at org.testng.TestNG.runSuites(TestNG.java:1039)
	at org.testng.TestNG.run(TestNG.java:1007)
	at org.apache.maven.surefire.testng.TestNGExecutor.run(TestNGExecutor.java:281)
	at org.apache.maven.surefire.testng.TestNGXmlTestSuite.execute(TestNGXmlTestSuite.java:75)
	at org.apache.maven.surefire.testng.TestNGProvider.invoke(TestNGProvider.java:121)
	at org.apache.maven.surefire.booter.ForkedBooter.invokeProviderInSameClassLoader(ForkedBooter.java:290)
	at org.apache.maven.surefire.booter.ForkedBooter.runSuitesInProcess(ForkedBooter.java:242)
	at org.apache.maven.surefire.booter.ForkedBooter.main(ForkedBooter.java:121)
]]></system-err>
  </testcase>
  <testcase name="setup" classname="scripts.CarvanaTest" time="0.007">
    <failure message="Cannot invoke &quot;String.hashCode()&quot; because &quot;&lt;local0&gt;&quot; is null" type="java.lang.NullPointerException"><![CDATA[java.lang.NullPointerException: Cannot invoke "String.hashCode()" because "<local0>" is null
]]></failure>
  </testcase>
  <testcase name="setup" classname="scripts.CarvanaTest" time="0.002">
    <failure message="Cannot invoke &quot;String.hashCode()&quot; because &quot;&lt;local0&gt;&quot; is null" type="java.lang.NullPointerException"><![CDATA[java.lang.NullPointerException: Cannot invoke "String.hashCode()" because "<local0>" is null
]]></failure>
  </testcase>
  <testcase name="setup" classname="scripts.CarvanaTest" time="0.002">
    <failure message="Cannot invoke &quot;String.hashCode()&quot; because &quot;&lt;local0&gt;&quot; is null" type="java.lang.NullPointerException"><![CDATA[java.lang.NullPointerException: Cannot invoke "String.hashCode()" because "<local0>" is null
]]></failure>
  </testcase>
  <testcase name="setup" classname="scripts.CarvanaTest" time="0.002">
    <failure message="Cannot invoke &quot;String.hashCode()&quot; because &quot;&lt;local0&gt;&quot; is null" type="java.lang.NullPointerException"><![CDATA[java.lang.NullPointerException: Cannot invoke "String.hashCode()" because "<local0>" is null
]]></failure>
  </testcase>
  <testcase name="setup" classname="scripts.CarvanaTest" time="0.002">
    <failure message="Cannot invoke &quot;String.hashCode()&quot; because &quot;&lt;local0&gt;&quot; is null" type="java.lang.NullPointerException"><![CDATA[java.lang.NullPointerException: Cannot invoke "String.hashCode()" because "<local0>" is null
]]></failure>
  </testcase>
  <testcase name="testTitleAndUrl" classname="scripts.CarvanaTest" time="0">
    <skipped message="Cannot invoke &quot;String.hashCode()&quot; because &quot;&lt;local0&gt;&quot; is null"/>
  </testcase>
  <testcase name="teardown" classname="scripts.CarvanaTest" time="0.004">
    <failure message="Cannot invoke &quot;org.testng.asserts.SoftAssert.assertAll()&quot; because &quot;this.softAssert&quot; is null" type="java.lang.NullPointerException">java.lang.NullPointerException: Cannot invoke "org.testng.asserts.SoftAssert.assertAll()" because "this.softAssert" is null
</failure>
  </testcase>
  <testcase name="teardown" classname="scripts.CarvanaTest" time="0.001">
    <failure message="Cannot invoke &quot;org.testng.asserts.SoftAssert.assertAll()&quot; because &quot;this.softAssert&quot; is null" type="java.lang.NullPointerException">java.lang.NullPointerException: Cannot invoke "org.testng.asserts.SoftAssert.assertAll()" because "this.softAssert" is null
</failure>
  </testcase>
  <testcase name="teardown" classname="scripts.CarvanaTest" time="0">
    <failure message="Cannot invoke &quot;org.testng.asserts.SoftAssert.assertAll()&quot; because &quot;this.softAssert&quot; is null" type="java.lang.NullPointerException">java.lang.NullPointerException: Cannot invoke "org.testng.asserts.SoftAssert.assertAll()" because "this.softAssert" is null
</failure>
  </testcase>
  <testcase name="teardown" classname="scripts.CarvanaTest" time="0.001">
    <failure message="Cannot invoke &quot;org.testng.asserts.SoftAssert.assertAll()&quot; because &quot;this.softAssert&quot; is null" type="java.lang.NullPointerException">java.lang.NullPointerException: Cannot invoke "org.testng.asserts.SoftAssert.assertAll()" because "this.softAssert" is null
</failure>
  </testcase>
  <testcase name="teardown" classname="scripts.CarvanaTest" time="0">
    <failure message="Cannot invoke &quot;org.testng.asserts.SoftAssert.assertAll()&quot; because &quot;this.softAssert&quot; is null" type="java.lang.NullPointerException">java.lang.NullPointerException: Cannot invoke "org.testng.asserts.SoftAssert.assertAll()" because "this.softAssert" is null
</failure>
  </testcase>
  <testcase name="teardown" classname="scripts.CarvanaTest" time="0">
    <failure message="Cannot invoke &quot;org.testng.asserts.SoftAssert.assertAll()&quot; because &quot;this.softAssert&quot; is null" type="java.lang.NullPointerException">java.lang.NullPointerException: Cannot invoke "org.testng.asserts.SoftAssert.assertAll()" because "this.softAssert" is null
</failure>
  </testcase>
  <testcase name="testLogo" classname="scripts.CarvanaTest" time="0">
    <skipped message="Cannot invoke &quot;String.hashCode()&quot; because &quot;&lt;local0&gt;&quot; is null"/>
  </testcase>
  <testcase name="testNavigationMenu" classname="scripts.CarvanaTest" time="0">
    <skipped message="Cannot invoke &quot;org.testng.asserts.SoftAssert.assertAll()&quot; because &quot;this.softAssert&quot; is null"/>
  </testcase>
  <testcase name="testSignInErrorMessage" classname="scripts.CarvanaTest" time="0">
    <skipped message="Cannot invoke &quot;org.testng.asserts.SoftAssert.assertAll()&quot; because &quot;this.softAssert&quot; is null"/>
  </testcase>
  <testcase name="testFilterOptions" classname="scripts.CarvanaTest" time="0">
    <skipped message="Cannot invoke &quot;org.testng.asserts.SoftAssert.assertAll()&quot; because &quot;this.softAssert&quot; is null"/>
  </testcase>
  <testcase name="testSearchTiles" classname="scripts.CarvanaTest" time="0">
    <skipped message="Cannot invoke &quot;org.testng.asserts.SoftAssert.assertAll()&quot; because &quot;this.softAssert&quot; is null"/>
  </testcase>
</testsuite>